TN:
SF:/home/sebastian/Documentos/Platzi/NodeAvanzado/platziverse/platziverse-db/index.js
FN:9,(anonymous_0)
FNF:1
FNH:1
FNDA:8,(anonymous_0)
DA:3,8
DA:4,8
DA:5,8
DA:6,8
DA:7,8
DA:9,8
DA:10,8
DA:22,8
DA:23,8
DA:24,8
DA:26,8
DA:27,8
DA:29,8
DA:30,8
DA:31,0
DA:34,8
DA:35,8
DA:37,8
LF:18
LH:17
BRDA:30,0,0,0
BRDA:30,0,1,8
BRF:2
BRH:1
end_of_record
TN:
SF:/home/sebastian/Documentos/Platzi/NodeAvanzado/platziverse/platziverse-db/lib/agent.js
FN:3,setupAgent
FN:5,createOrUpdate
FN:22,findAll
FN:26,findConnected
FN:35,findByUsername
FN:45,findById
FN:49,findByUuid
FNF:7
FNH:6
FNDA:8,setupAgent
FNDA:2,createOrUpdate
FNDA:1,findAll
FNDA:1,findConnected
FNDA:1,findByUsername
FNDA:1,findById
FNDA:0,findByUuid
DA:3,1
DA:6,2
DA:12,2
DA:13,2
DA:14,1
DA:15,1
DA:18,1
DA:19,1
DA:23,1
DA:27,1
DA:32,1
DA:36,1
DA:42,1
DA:46,1
DA:50,0
DA:56,0
DA:59,8
LF:17
LH:15
BRDA:13,0,0,1
BRDA:13,0,1,1
BRDA:15,1,0,1
BRDA:15,1,1,0
BRF:4
BRH:3
end_of_record
TN:
SF:/home/sebastian/Documentos/Platzi/NodeAvanzado/platziverse/platziverse-db/lib/db.js
FN:6,setupDatabase
FNF:1
FNH:1
FNDA:8,setupDatabase
DA:3,1
DA:4,1
DA:6,1
DA:7,8
DA:8,1
DA:10,8
LF:6
LH:6
BRDA:7,0,0,1
BRDA:7,0,1,7
BRF:2
BRH:2
end_of_record
TN:
SF:/home/sebastian/Documentos/Platzi/NodeAvanzado/platziverse/platziverse-db/models/agent.js
FN:6,setupAgentModel
FNF:1
FNH:0
FNDA:0,setupAgentModel
DA:3,1
DA:4,1
DA:6,1
DA:7,0
DA:9,0
LF:5
LH:3
BRF:0
BRH:0
end_of_record
TN:
SF:/home/sebastian/Documentos/Platzi/NodeAvanzado/platziverse/platziverse-db/models/metric.js
FN:6,setupMetricModel
FNF:1
FNH:0
FNDA:0,setupMetricModel
DA:3,1
DA:4,1
DA:6,1
DA:7,0
DA:9,0
LF:5
LH:3
BRF:0
BRH:0
end_of_record
TN:
SF:/home/sebastian/Documentos/Platzi/NodeAvanzado/platziverse/platziverse-db/tests/agent-tests.js
FN:10,(anonymous_4)
FN:43,(anonymous_5)
FN:52,(anonymous_6)
FN:75,(anonymous_7)
FN:76,(anonymous_8)
FN:81,(anonymous_9)
FN:85,(anonymous_10)
FN:89,(anonymous_11)
FN:96,(anonymous_12)
FN:105,(anonymous_13)
FN:115,(anonymous_14)
FN:125,(anonymous_15)
FN:135,(anonymous_16)
FN:145,(anonymous_17)
FNF:14
FNH:14
FNDA:8,(anonymous_4)
FNDA:8,(anonymous_5)
FNDA:1,(anonymous_6)
FNDA:8,(anonymous_7)
FNDA:8,(anonymous_8)
FNDA:8,(anonymous_9)
FNDA:1,(anonymous_10)
FNDA:1,(anonymous_11)
FNDA:1,(anonymous_12)
FNDA:1,(anonymous_13)
FNDA:1,(anonymous_14)
FNDA:1,(anonymous_15)
FNDA:1,(anonymous_16)
FNDA:1,(anonymous_17)
DA:3,1
DA:4,1
DA:5,1
DA:7,1
DA:9,1
DA:13,1
DA:17,1
DA:18,1
DA:19,1
DA:22,1
DA:25,1
DA:33,1
DA:34,1
DA:35,1
DA:36,1
DA:37,1
DA:43,1
DA:44,8
DA:45,8
DA:50,8
DA:51,8
DA:52,1
DA:56,8
DA:57,8
DA:60,8
DA:61,8
DA:64,8
DA:65,8
DA:68,8
DA:69,8
DA:70,8
DA:71,8
DA:74,8
DA:75,8
DA:76,8
DA:78,8
DA:81,1
DA:82,8
DA:85,1
DA:86,1
DA:89,4
DA:90,1
DA:91,1
DA:92,1
DA:93,1
DA:96,2
DA:97,1
DA:99,1
DA:100,1
DA:102,1
DA:105,3
DA:106,1
DA:108,1
DA:109,1
DA:110,1
DA:112,1
DA:115,3
DA:116,1
DA:118,1
DA:119,1
DA:120,1
DA:122,1
DA:125,3
DA:126,1
DA:128,1
DA:129,1
DA:130,1
DA:132,1
DA:135,3
DA:136,1
DA:138,1
DA:139,1
DA:140,1
DA:142,1
DA:145,6
DA:146,1
DA:148,1
DA:149,1
DA:150,1
DA:153,1
DA:154,1
DA:155,1
DA:157,1
LF:83
LH:83
BRDA:82,0,0,8
BRDA:82,0,1,8
BRF:2
BRH:2
end_of_record
TN:
SF:/home/sebastian/Documentos/Platzi/NodeAvanzado/platziverse/platziverse-db/tests/fixtures/agent.js
FN:22,extend
FN:30,(anonymous_1)
FN:31,(anonymous_2)
FN:32,(anonymous_3)
FN:32,(anonymous_4)
FN:33,(anonymous_5)
FN:33,(anonymous_6)
FNF:7
FNH:7
FNDA:3,extend
FNDA:4,(anonymous_1)
FNDA:4,(anonymous_2)
FNDA:8,(anonymous_3)
FNDA:32,(anonymous_4)
FNDA:9,(anonymous_5)
FNDA:36,(anonymous_6)
DA:3,1
DA:15,1
DA:23,3
DA:24,3
DA:27,1
DA:30,4
DA:31,4
DA:32,32
DA:33,36
LF:9
LH:9
BRF:0
BRH:0
end_of_record
