TN:
SF:/home/sebastian/Documentos/Platzi/NodeAvanzado/platziverse/platziverse-db/index.js
FN:10,(anonymous_0)
FNF:1
FNH:1
FNDA:13,(anonymous_0)
DA:3,13
DA:4,13
DA:5,13
DA:6,13
DA:7,13
DA:8,13
DA:10,13
DA:11,13
DA:23,13
DA:24,13
DA:25,13
DA:27,13
DA:28,13
DA:30,13
DA:31,13
DA:32,0
DA:35,13
DA:36,13
DA:38,13
LF:19
LH:18
BRDA:31,0,0,0
BRDA:31,0,1,13
BRF:2
BRH:1
end_of_record
TN:
SF:/home/sebastian/Documentos/Platzi/NodeAvanzado/platziverse/platziverse-db/lib/agent.js
FN:3,setupAgent
FN:4,createOrUpdate
FN:21,findAll
FN:25,findConnected
FN:34,findByUsername
FN:44,findById
FN:48,findByUuid
FNF:7
FNH:6
FNDA:13,setupAgent
FNDA:2,createOrUpdate
FNDA:1,findAll
FNDA:1,findConnected
FNDA:1,findByUsername
FNDA:1,findById
FNDA:0,findByUuid
DA:3,2
DA:5,2
DA:11,2
DA:12,2
DA:13,1
DA:14,1
DA:17,1
DA:18,1
DA:22,1
DA:26,1
DA:31,1
DA:35,1
DA:41,1
DA:45,1
DA:49,0
DA:55,0
DA:58,13
LF:17
LH:15
BRDA:12,0,0,1
BRDA:12,0,1,1
BRDA:14,1,0,1
BRDA:14,1,1,0
BRF:4
BRH:3
end_of_record
TN:
SF:/home/sebastian/Documentos/Platzi/NodeAvanzado/platziverse/platziverse-db/lib/db.js
FN:6,setupDatabase
FNF:1
FNH:1
FNDA:13,setupDatabase
DA:3,2
DA:4,2
DA:6,2
DA:7,13
DA:8,2
DA:10,13
LF:6
LH:6
BRDA:7,0,0,2
BRDA:7,0,1,11
BRF:2
BRH:2
end_of_record
TN:
SF:/home/sebastian/Documentos/Platzi/NodeAvanzado/platziverse/platziverse-db/lib/metric.js
FN:3,setupMetric
FN:4,findByAgentUuid
FN:19,findByTypeAgentUuid
FN:38,create
FNF:4
FNH:4
FNDA:13,setupMetric
FNDA:1,findByAgentUuid
FNDA:1,findByTypeAgentUuid
FNDA:1,create
DA:3,2
DA:5,1
DA:20,1
DA:39,1
DA:44,1
DA:45,1
DA:48,1
DA:49,1
DA:53,13
LF:9
LH:9
BRDA:44,0,0,1
BRDA:44,0,1,0
BRF:2
BRH:1
end_of_record
TN:
SF:/home/sebastian/Documentos/Platzi/NodeAvanzado/platziverse/platziverse-db/models/agent.js
FN:6,setupAgentModel
FNF:1
FNH:0
FNDA:0,setupAgentModel
DA:3,2
DA:4,2
DA:6,2
DA:7,0
DA:9,0
LF:5
LH:3
BRF:0
BRH:0
end_of_record
TN:
SF:/home/sebastian/Documentos/Platzi/NodeAvanzado/platziverse/platziverse-db/models/metric.js
FN:6,setupMetricModel
FNF:1
FNH:0
FNDA:0,setupMetricModel
DA:3,2
DA:4,2
DA:6,2
DA:7,0
DA:9,0
LF:5
LH:3
BRF:0
BRH:0
end_of_record
TN:
SF:/home/sebastian/Documentos/Platzi/NodeAvanzado/platziverse/platziverse-db/tests/agent-tests.js
FN:10,(anonymous_4)
FN:43,(anonymous_5)
FN:52,(anonymous_6)
FN:74,(anonymous_7)
FN:75,(anonymous_8)
FN:80,(anonymous_9)
FN:84,(anonymous_10)
FN:88,(anonymous_11)
FN:95,(anonymous_12)
FN:104,(anonymous_13)
FN:114,(anonymous_14)
FN:124,(anonymous_15)
FN:134,(anonymous_16)
FN:144,(anonymous_17)
FNF:14
FNH:14
FNDA:8,(anonymous_4)
FNDA:8,(anonymous_5)
FNDA:1,(anonymous_6)
FNDA:8,(anonymous_7)
FNDA:8,(anonymous_8)
FNDA:8,(anonymous_9)
FNDA:1,(anonymous_10)
FNDA:1,(anonymous_11)
FNDA:1,(anonymous_12)
FNDA:1,(anonymous_13)
FNDA:1,(anonymous_14)
FNDA:1,(anonymous_15)
FNDA:1,(anonymous_16)
FNDA:1,(anonymous_17)
DA:3,1
DA:4,1
DA:5,1
DA:7,1
DA:9,1
DA:13,1
DA:17,1
DA:18,1
DA:19,1
DA:22,1
DA:25,1
DA:33,1
DA:34,1
DA:35,1
DA:36,1
DA:37,1
DA:43,1
DA:44,8
DA:45,8
DA:50,8
DA:51,8
DA:52,1
DA:56,8
DA:57,8
DA:60,8
DA:61,8
DA:64,8
DA:65,8
DA:68,8
DA:69,8
DA:70,8
DA:71,8
DA:73,8
DA:74,8
DA:75,8
DA:77,8
DA:80,1
DA:81,8
DA:84,1
DA:85,1
DA:88,4
DA:89,1
DA:90,1
DA:91,1
DA:92,1
DA:95,2
DA:96,1
DA:98,1
DA:99,1
DA:101,1
DA:104,3
DA:105,1
DA:107,1
DA:108,1
DA:109,1
DA:111,1
DA:114,3
DA:115,1
DA:117,1
DA:118,1
DA:119,1
DA:121,1
DA:124,3
DA:125,1
DA:127,1
DA:128,1
DA:129,1
DA:131,1
DA:134,3
DA:135,1
DA:137,1
DA:138,1
DA:139,1
DA:141,1
DA:144,6
DA:145,1
DA:147,1
DA:148,1
DA:149,1
DA:152,1
DA:153,1
DA:154,1
DA:156,1
LF:83
LH:83
BRDA:81,0,0,8
BRDA:81,0,1,8
BRF:2
BRH:2
end_of_record
TN:
SF:/home/sebastian/Documentos/Platzi/NodeAvanzado/platziverse/platziverse-db/tests/fixtures/agent.js
FN:27,(anonymous_0)
FN:28,(anonymous_1)
FN:29,(anonymous_2)
FN:29,(anonymous_3)
FN:30,(anonymous_4)
FN:30,(anonymous_5)
FNF:6
FNH:6
FNDA:8,(anonymous_0)
FNDA:8,(anonymous_1)
FNDA:13,(anonymous_2)
FNDA:52,(anonymous_3)
FNDA:9,(anonymous_4)
FNDA:36,(anonymous_5)
DA:3,2
DA:5,2
DA:17,2
DA:24,2
DA:27,8
DA:28,8
DA:29,52
DA:30,36
LF:8
LH:8
BRF:0
BRH:0
end_of_record
TN:
SF:/home/sebastian/Documentos/Platzi/NodeAvanzado/platziverse/platziverse-db/tests/fixtures/metric.js
FNF:0
FNH:0
DA:3,1
DA:5,1
DA:10,1
DA:17,1
DA:24,1
LF:5
LH:5
BRF:0
BRH:0
end_of_record
TN:
SF:/home/sebastian/Documentos/Platzi/NodeAvanzado/platziverse/platziverse-db/tests/fixtures/utils.js
FN:2,extend
FNF:1
FNH:1
FNDA:9,extend
DA:3,9
DA:4,9
DA:7,2
LF:3
LH:3
BRF:0
BRH:0
end_of_record
